<?xml version="1.0" encoding="UTF-8"?>
<!-- Generated by org.testng.reporters.JUnitReportReporter -->
<testsuite hostname="RSI1527" name="br.com.rsinet.hub_tdd.provaTDD.automationFramework.Produto_Home" tests="2" failures="0" timestamp="28 Jan 2020 19:59:40 GMT" time="29.730" errors="0">
  <testcase name="ProdutoErrado" time="15.119" classname="br.com.rsinet.hub_tdd.provaTDD.automationFramework.Produto_Home"/>
  <testcase name="ClicaProd" time="14.611" classname="br.com.rsinet.hub_tdd.provaTDD.automationFramework.Produto_Home"/>
</testsuite> <!-- br.com.rsinet.hub_tdd.provaTDD.automationFramework.Produto_Home -->
