<?xml version="1.0" encoding="UTF-8"?>
<!-- Generated by org.testng.reporters.JUnitReportReporter -->
<testsuite hostname="RSI1527" name="br.com.rsinet.hub_tdd.provaTDD.automationFramework.Teste_Home" tests="1" failures="0" timestamp="16 Jan 2020 16:09:30 GMT" time="3.457" errors="0">
  <testcase name="ClicaProd" time="3.457" classname="br.com.rsinet.hub_tdd.provaTDD.automationFramework.Teste_Home"/>
</testsuite> <!-- br.com.rsinet.hub_tdd.provaTDD.automationFramework.Teste_Home -->
