<?xml version="1.0" encoding="UTF-8"?>
<!-- Generated by org.testng.reporters.JUnitReportReporter -->
<testsuite hostname="RSI1527" name="br.com.rsinet.hub_tdd.provaTDD.automationFramework.TestePesquisa" tests="2" failures="0" timestamp="17 Jan 2020 19:20:21 GMT" time="3.289" errors="0">
  <testcase name="PesquisaErro" time="0.945" classname="br.com.rsinet.hub_tdd.provaTDD.automationFramework.TestePesquisa"/>
  <testcase name="Pesquisa" time="2.344" classname="br.com.rsinet.hub_tdd.provaTDD.automationFramework.TestePesquisa"/>
</testsuite> <!-- br.com.rsinet.hub_tdd.provaTDD.automationFramework.TestePesquisa -->
