<?xml version="1.0" encoding="UTF-8"?>
<!-- Generated by org.testng.reporters.JUnitReportReporter -->
<testsuite hostname="RSI1527" name="br.com.rsinet.hub_tdd.provaTDD.automationFramework.Teste_cadastro" tests="1" failures="0" timestamp="14 Jan 2020 16:50:48 GMT" time="6.455" errors="0">
  <testcase name="loga" time="6.455" classname="br.com.rsinet.hub_tdd.provaTDD.automationFramework.Teste_cadastro"/>
</testsuite> <!-- br.com.rsinet.hub_tdd.provaTDD.automationFramework.Teste_cadastro -->
