<?xml version="1.0" encoding="UTF-8"?>
<!-- Generated by org.testng.reporters.JUnitReportReporter -->
<testsuite hostname="RSI1527" name="br.com.rsinet.hub_tdd.provaTDD.automationFramework.Produto_Home" tests="2" failures="0" timestamp="24 Jan 2020 03:20:30 GMT" time="30.948" errors="0">
  <testcase name="ClicaProd" time="16.021" classname="br.com.rsinet.hub_tdd.provaTDD.automationFramework.Produto_Home"/>
  <testcase name="ProdutoErrado" time="14.927" classname="br.com.rsinet.hub_tdd.provaTDD.automationFramework.Produto_Home"/>
</testsuite> <!-- br.com.rsinet.hub_tdd.provaTDD.automationFramework.Produto_Home -->
