<?xml version="1.0" encoding="UTF-8"?>
<!-- Generated by org.testng.reporters.JUnitReportReporter -->
<testsuite hostname="RSI1527" name="br.com.rsinet.hub_tdd.provaTDD.automationFramework.Produto_Home" tests="2" failures="0" timestamp="22 Jan 2020 16:48:26 GMT" time="34.389" errors="0">
  <testcase name="ClicaProd" time="15.721" classname="br.com.rsinet.hub_tdd.provaTDD.automationFramework.Produto_Home"/>
  <testcase name="ProdutoErrado" time="18.668" classname="br.com.rsinet.hub_tdd.provaTDD.automationFramework.Produto_Home"/>
</testsuite> <!-- br.com.rsinet.hub_tdd.provaTDD.automationFramework.Produto_Home -->
