<?xml version="1.0" encoding="UTF-8"?>
<!-- Generated by org.testng.reporters.JUnitReportReporter -->
<testsuite hostname="RSI1527" name="br.com.rsinet.hub_tdd.provaTDD.automationFramework.Teste_cadastro" tests="2" failures="0" timestamp="24 Jan 2020 03:18:18 GMT" time="32.194" errors="0">
  <testcase name="loga" time="16.569" classname="br.com.rsinet.hub_tdd.provaTDD.automationFramework.Teste_cadastro"/>
  <testcase name="logaerro" time="15.625" classname="br.com.rsinet.hub_tdd.provaTDD.automationFramework.Teste_cadastro"/>
</testsuite> <!-- br.com.rsinet.hub_tdd.provaTDD.automationFramework.Teste_cadastro -->
