<?xml version="1.0" encoding="UTF-8"?>
<!-- Generated by org.testng.reporters.JUnitReportReporter -->
<testsuite hostname="RSI1527" name="br.com.rsinet.hub_tdd.provaTDD.pageActions.TestePesquisa" tests="1" failures="0" timestamp="13 Jan 2020 18:43:23 GMT" time="2.421" errors="0">
  <testcase name="Pesquisan" time="2.421" classname="br.com.rsinet.hub_tdd.provaTDD.pageActions.TestePesquisa"/>
</testsuite> <!-- br.com.rsinet.hub_tdd.provaTDD.pageActions.TestePesquisa -->
