<?xml version="1.0" encoding="UTF-8"?>
<!-- Generated by org.testng.reporters.JUnitReportReporter -->
<testsuite hostname="RSI1527" name="br.com.rsinet.hub_tdd.provaTDD.automationFramework.Produto_Home" tests="1" failures="0" timestamp="17 Jan 2020 14:29:05 GMT" time="3.499" errors="0">
  <testcase name="ClicaProd" time="3.499" classname="br.com.rsinet.hub_tdd.provaTDD.automationFramework.Produto_Home"/>
</testsuite> <!-- br.com.rsinet.hub_tdd.provaTDD.automationFramework.Produto_Home -->
