<?xml version="1.0" encoding="UTF-8"?>
<!-- Generated by org.testng.reporters.JUnitReportReporter -->
<testsuite hostname="RSI1527" name="br.com.rsinet.hub_tdd.provaTDD.automationFramework.TestePesquisa" tests="2" failures="0" timestamp="29 Jan 2020 01:01:33 GMT" time="29.450" errors="0">
  <testcase name="Pesquisa" time="15.793" classname="br.com.rsinet.hub_tdd.provaTDD.automationFramework.TestePesquisa"/>
  <testcase name="PesquisaErro" time="13.657" classname="br.com.rsinet.hub_tdd.provaTDD.automationFramework.TestePesquisa"/>
</testsuite> <!-- br.com.rsinet.hub_tdd.provaTDD.automationFramework.TestePesquisa -->
