<?xml version="1.0" encoding="UTF-8"?>
<!-- Generated by org.testng.reporters.JUnitReportReporter -->
<testsuite hostname="RSI1527" name="br.com.rsinet.hub_tdd.provaTDD.automationFramework.Teste_cadastro" tests="1" failures="0" timestamp="17 Jan 2020 13:12:48 GMT" time="7.268" errors="0">
  <testcase name="loga" time="7.268" classname="br.com.rsinet.hub_tdd.provaTDD.automationFramework.Teste_cadastro"/>
</testsuite> <!-- br.com.rsinet.hub_tdd.provaTDD.automationFramework.Teste_cadastro -->
