<?xml version="1.0" encoding="UTF-8"?>
<!-- Generated by org.testng.reporters.JUnitReportReporter -->
<testsuite hostname="RSI1527" name="br.com.rsinet.hub_tdd.provaTDD.automationFramework.TestePesquisa" tests="2" failures="0" timestamp="24 Jan 2020 03:19:19 GMT" time="25.489" errors="0">
  <testcase name="Pesquisa" time="13.099" classname="br.com.rsinet.hub_tdd.provaTDD.automationFramework.TestePesquisa"/>
  <testcase name="PesquisaErro" time="12.390" classname="br.com.rsinet.hub_tdd.provaTDD.automationFramework.TestePesquisa"/>
</testsuite> <!-- br.com.rsinet.hub_tdd.provaTDD.automationFramework.TestePesquisa -->
