<?xml version="1.0" encoding="UTF-8"?>
<!-- Generated by org.testng.reporters.JUnitReportReporter -->
<testsuite hostname="RSI1527" name="br.com.rsinet.hub_tdd.provaTDD.automationFramework.Teste_cadastro" tests="1" failures="0" timestamp="15 Jan 2020 14:12:14 GMT" time="3.583" errors="0">
  <testcase name="loga" time="3.583" classname="br.com.rsinet.hub_tdd.provaTDD.automationFramework.Teste_cadastro"/>
</testsuite> <!-- br.com.rsinet.hub_tdd.provaTDD.automationFramework.Teste_cadastro -->
