<?xml version="1.0" encoding="UTF-8"?>
<!-- Generated by org.testng.reporters.JUnitReportReporter -->
<testsuite hostname="RSI1527" name="br.com.rsinet.hub_tdd.provaTDD.automationFramework.TestePesquisa" tests="1" failures="0" timestamp="15 Jan 2020 18:09:34 GMT" time="3.743" errors="0">
  <testcase name="Pesquisan" time="3.743" classname="br.com.rsinet.hub_tdd.provaTDD.automationFramework.TestePesquisa"/>
</testsuite> <!-- br.com.rsinet.hub_tdd.provaTDD.automationFramework.TestePesquisa -->
