<?xml version="1.0" encoding="UTF-8"?>
<!-- Generated by org.testng.reporters.JUnitReportReporter -->
<testsuite hostname="RSI1527" name="br.com.rsinet.hub_tdd.provaTDD.automationFramework.Teste_cadastro" tests="2" failures="0" timestamp="28 Jan 2020 19:47:59 GMT" time="41.529" errors="0">
  <testcase name="logaerro" time="20.734" classname="br.com.rsinet.hub_tdd.provaTDD.automationFramework.Teste_cadastro"/>
  <testcase name="loga" time="20.795" classname="br.com.rsinet.hub_tdd.provaTDD.automationFramework.Teste_cadastro"/>
</testsuite> <!-- br.com.rsinet.hub_tdd.provaTDD.automationFramework.Teste_cadastro -->
