<?xml version="1.0" encoding="UTF-8"?>
<!-- Generated by org.testng.reporters.JUnitReportReporter -->
<testsuite hostname="RSI1527" name="br.com.rsinet.hub_tdd.provaTDD.automationFramework.Testecadastro" tests="2" failures="0" timestamp="29 Jan 2020 00:59:47 GMT" time="42.751" errors="0">
  <testcase name="logaerro" time="20.666" classname="br.com.rsinet.hub_tdd.provaTDD.automationFramework.Testecadastro"/>
  <testcase name="loga" time="22.085" classname="br.com.rsinet.hub_tdd.provaTDD.automationFramework.Testecadastro"/>
</testsuite> <!-- br.com.rsinet.hub_tdd.provaTDD.automationFramework.Testecadastro -->
