<?xml version="1.0" encoding="UTF-8"?>
<!-- Generated by org.testng.reporters.JUnitReportReporter -->
<testsuite hostname="RSI1527" name="br.com.rsinet.hub_tdd.provaTDD.automationFramework.Teste_cadastro" tests="2" failures="0" timestamp="22 Jan 2020 14:29:17 GMT" time="38.221" errors="0">
  <testcase name="logaerro" time="18.330" classname="br.com.rsinet.hub_tdd.provaTDD.automationFramework.Teste_cadastro"/>
  <testcase name="loga" time="19.891" classname="br.com.rsinet.hub_tdd.provaTDD.automationFramework.Teste_cadastro"/>
</testsuite> <!-- br.com.rsinet.hub_tdd.provaTDD.automationFramework.Teste_cadastro -->
