<?xml version="1.0" encoding="UTF-8"?>
<!-- Generated by org.testng.reporters.JUnitReportReporter -->
<testsuite hostname="RSI1527" name="br.com.rsinet.hub_tdd.provaTDD.automationFramework.TesteProdutoHome" tests="2" failures="0" timestamp="29 Jan 2020 01:00:35 GMT" time="36.434" errors="0">
  <testcase name="ClicaProd" time="18.492" classname="br.com.rsinet.hub_tdd.provaTDD.automationFramework.TesteProdutoHome"/>
  <testcase name="ProdutoErrado" time="17.942" classname="br.com.rsinet.hub_tdd.provaTDD.automationFramework.TesteProdutoHome"/>
</testsuite> <!-- br.com.rsinet.hub_tdd.provaTDD.automationFramework.TesteProdutoHome -->
