<?xml version="1.0" encoding="UTF-8"?>
<!-- Generated by org.testng.reporters.JUnitReportReporter -->
<testsuite hostname="RSI1527" name="br.com.rsinet.hub_tdd.provaTDD.automationFramework.POM_TC" tests="1" failures="0" timestamp="13 Jan 2020 18:26:11 GMT" time="3.559" errors="0">
  <testcase name="loga" time="3.559" classname="br.com.rsinet.hub_tdd.provaTDD.automationFramework.POM_TC"/>
</testsuite> <!-- br.com.rsinet.hub_tdd.provaTDD.automationFramework.POM_TC -->
